<?xml version="1.0" encoding="UTF-8"?>
<!-- Generated by org.testng.reporters.JUnitXMLReporter -->
<testsuite ignored="19" hostname="DSK-4074" failures="0" tests="14" name="ChromeTest" time="21.413" errors="0" timestamp="2024-02-06T16:40:55 IST">
  <testcase classname="testclasses.LoginTest" name="validateTitleofPage" time="0.015"/>
  <testcase classname="testclasses.LoginTest" name="verifyLogin" time="1.727"/>
  <testcase classname="testclasses.HomeTest" name="verifyTopmenuAndSidemenu" time="0.157"/>
  <testcase classname="testclasses.HomeTest" name="clickingOnAPPARELandSHOES" time="0.692"/>
  <testcase classname="testclasses.ProductListTest" name="howeringOnBlueandGreenSneaker" time="2.7"/>
  <testcase classname="testclasses.ProductTest" name="ChooseGreenColor" time="0.07"/>
  <testcase classname="testclasses.ProductTest" name="verifyWishList" time="1.074"/>
  <testcase classname="testclasses.WishListTest" name="verifyProductAddedtoCartFromWL" time="0.789"/>
  <testcase classname="testclasses.CartTest" name="changeProductQty" time="0.654"/>
  <testcase classname="testclasses.CartTest" name="acceptTAndCCheckbox" time="0.059"/>
  <testcase classname="testclasses.CartTest" name="verifyCheckout" time="1.198"/>
  <testcase classname="testclasses.CheckoutTest" name="proceedToCheckout" time="2.473"/>
  <testcase classname="testclasses.CheckoutTest" name="VerifyPaymentSummery" time="0.001"/>
  <testcase classname="testclasses.CheckoutTest" name="verifyOrderConfirm" time="2.811"/>
  <testcase classname="testclasses.ProductTest" name="validateTitleofPage" time="0.0">
    <ignored/>
  </testcase> <!-- validateTitleofPage -->
  <testcase classname="testclasses.BaseClass" name="@AfterTest tearDown" time="0.0">
    <ignored/>
  </testcase> <!-- @AfterTest tearDown -->
  <testcase classname="testclasses.BaseClass" name="@AfterTest tearDown" time="0.0">
    <ignored/>
  </testcase> <!-- @AfterTest tearDown -->
  <testcase classname="testclasses.BaseClass" name="@AfterTest tearDown" time="0.0">
    <ignored/>
  </testcase> <!-- @AfterTest tearDown -->
  <testcase classname="testclasses.BaseClass" name="@BeforeTest initBrowser" time="0.0">
    <ignored/>
  </testcase> <!-- @BeforeTest initBrowser -->
  <testcase classname="testclasses.CartTest" name="validateTitleofPage" time="0.0">
    <ignored/>
  </testcase> <!-- validateTitleofPage -->
  <testcase classname="testclasses.HomeTest" name="validateTitleofPage" time="0.0">
    <ignored/>
  </testcase> <!-- validateTitleofPage -->
  <testcase classname="testclasses.BaseClass" name="@BeforeTest initBrowser" time="0.0">
    <ignored/>
  </testcase> <!-- @BeforeTest initBrowser -->
  <testcase classname="testclasses.ProductTest" name="verifyAddToCart" time="0.0">
    <ignored/>
  </testcase> <!-- verifyAddToCart -->
  <testcase classname="testclasses.ProductTest" name="verifyNavigation" time="0.0">
    <ignored/>
  </testcase> <!-- verifyNavigation -->
  <testcase classname="testclasses.BaseClass" name="@AfterTest tearDown" time="0.0">
    <ignored/>
  </testcase> <!-- @AfterTest tearDown -->
  <testcase classname="testclasses.HomeTest" name="selectProduct" time="0.0">
    <ignored/>
  </testcase> <!-- selectProduct -->
  <testcase classname="testclasses.BaseClass" name="@AfterTest tearDown" time="0.0">
    <ignored/>
  </testcase> <!-- @AfterTest tearDown -->
  <testcase classname="testclasses.BaseClass" name="@BeforeTest initBrowser" time="0.0">
    <ignored/>
  </testcase> <!-- @BeforeTest initBrowser -->
  <testcase classname="testclasses.BaseClass" name="@BeforeTest initBrowser" time="0.0">
    <ignored/>
  </testcase> <!-- @BeforeTest initBrowser -->
  <testcase classname="testclasses.BaseClass" name="@BeforeTest initBrowser" time="0.0">
    <ignored/>
  </testcase> <!-- @BeforeTest initBrowser -->
  <testcase classname="testclasses.HomeTest" name="verifyAddToCartClick" time="0.0">
    <ignored/>
  </testcase> <!-- verifyAddToCartClick -->
  <testcase classname="testclasses.BaseClass" name="@BeforeTest initBrowser" time="0.0">
    <ignored/>
  </testcase> <!-- @BeforeTest initBrowser -->
  <testcase classname="testclasses.BaseClass" name="@AfterTest tearDown" time="0.0">
    <ignored/>
  </testcase> <!-- @AfterTest tearDown -->
</testsuite> <!-- ChromeTest -->
