<?xml version="1.0" encoding="UTF-8"?>
<!-- Generated by org.testng.reporters.JUnitXMLReporter -->
<testsuite ignored="12" hostname="DSK-4074" failures="0" tests="14" name="ChromeTest" time="21.473" errors="0" timestamp="2024-05-27T17:34:14 IST">
  <testcase classname="testclasses.LoginTest" name="validateTitleofPage" time="0.014"/>
  <testcase classname="testclasses.LoginTest" name="verifyLogin" time="1.818"/>
  <testcase classname="testclasses.HomeTest" name="validateTitleofPage" time="0.008"/>
  <testcase classname="testclasses.HomeTest" name="clickingOnAPPARELandSHOES" time="0.736"/>
  <testcase classname="testclasses.ProductListTest" name="howeringOnBlueandGreenSneaker" time="2.511"/>
  <testcase classname="testclasses.ProductTest" name="ChooseGreenColor" time="0.073"/>
  <testcase classname="testclasses.ProductTest" name="verifyWishList" time="1.099"/>
  <testcase classname="testclasses.WishListTest" name="verifyProductAddedtoCartFromWL" time="0.912"/>
  <testcase classname="testclasses.CartTest" name="changeProductQty" time="0.595"/>
  <testcase classname="testclasses.CartTest" name="acceptTAndCCheckbox" time="0.07"/>
  <testcase classname="testclasses.CartTest" name="verifyCheckout" time="1.067"/>
  <testcase classname="testclasses.CheckoutTest" name="proceedToCheckout" time="2.567"/>
  <testcase classname="testclasses.CheckoutTest" name="VerifyPaymentSummery" time="0.793"/>
  <testcase classname="testclasses.CheckoutTest" name="verifyOrderConfirm" time="1.871"/>
  <testcase classname="testclasses.BaseClass" name="@AfterTest tearDown" time="0.0">
    <ignored/>
  </testcase> <!-- @AfterTest tearDown -->
  <testcase classname="testclasses.BaseClass" name="@BeforeTest initBrowser" time="0.0">
    <ignored/>
  </testcase> <!-- @BeforeTest initBrowser -->
  <testcase classname="testclasses.BaseClass" name="@BeforeTest initBrowser" time="0.0">
    <ignored/>
  </testcase> <!-- @BeforeTest initBrowser -->
  <testcase classname="testclasses.BaseClass" name="@BeforeTest initBrowser" time="0.0">
    <ignored/>
  </testcase> <!-- @BeforeTest initBrowser -->
  <testcase classname="testclasses.BaseClass" name="@BeforeTest initBrowser" time="0.0">
    <ignored/>
  </testcase> <!-- @BeforeTest initBrowser -->
  <testcase classname="testclasses.BaseClass" name="@AfterTest tearDown" time="0.0">
    <ignored/>
  </testcase> <!-- @AfterTest tearDown -->
  <testcase classname="testclasses.BaseClass" name="@AfterTest tearDown" time="0.0">
    <ignored/>
  </testcase> <!-- @AfterTest tearDown -->
  <testcase classname="testclasses.BaseClass" name="@BeforeTest initBrowser" time="0.0">
    <ignored/>
  </testcase> <!-- @BeforeTest initBrowser -->
  <testcase classname="testclasses.BaseClass" name="@AfterTest tearDown" time="0.0">
    <ignored/>
  </testcase> <!-- @AfterTest tearDown -->
  <testcase classname="testclasses.BaseClass" name="@AfterTest tearDown" time="0.0">
    <ignored/>
  </testcase> <!-- @AfterTest tearDown -->
  <testcase classname="testclasses.BaseClass" name="@BeforeTest initBrowser" time="0.0">
    <ignored/>
  </testcase> <!-- @BeforeTest initBrowser -->
  <testcase classname="testclasses.BaseClass" name="@AfterTest tearDown" time="0.0">
    <ignored/>
  </testcase> <!-- @AfterTest tearDown -->
</testsuite> <!-- ChromeTest -->
