<?xml version="1.0" encoding="UTF-8"?>
<!-- Generated by org.testng.reporters.JUnitXMLReporter -->
<testsuite ignored="20" hostname="DSK-4074" failures="0" tests="13" name="FirefoxTest" time="24.808" errors="0" timestamp="2024-02-06T16:41:20 IST">
  <testcase classname="testclasses.LoginTest" name="validateTitleofPage" time="0.005"/>
  <testcase classname="testclasses.LoginTest" name="verifyLogin" time="1.083"/>
  <testcase classname="testclasses.HomeTest" name="clickingOnAPPARELandSHOES" time="0.736"/>
  <testcase classname="testclasses.ProductListTest" name="howeringOnBlueandGreenSneaker" time="2.493"/>
  <testcase classname="testclasses.ProductTest" name="ChooseGreenColor" time="0.267"/>
  <testcase classname="testclasses.ProductTest" name="verifyWishList" time="1.404"/>
  <testcase classname="testclasses.WishListTest" name="verifyProductAddedtoCartFromWL" time="1.08"/>
  <testcase classname="testclasses.CartTest" name="changeProductQty" time="0.591"/>
  <testcase classname="testclasses.CartTest" name="acceptTAndCCheckbox" time="0.261"/>
  <testcase classname="testclasses.CartTest" name="verifyCheckout" time="1.179"/>
  <testcase classname="testclasses.CheckoutTest" name="proceedToCheckout" time="2.776"/>
  <testcase classname="testclasses.CheckoutTest" name="VerifyPaymentSummery" time="0.002"/>
  <testcase classname="testclasses.CheckoutTest" name="verifyOrderConfirm" time="2.823"/>
  <testcase classname="testclasses.BaseClass" name="@BeforeTest initBrowser" time="0.0">
    <ignored/>
  </testcase> <!-- @BeforeTest initBrowser -->
  <testcase classname="testclasses.BaseClass" name="@BeforeTest initBrowser" time="0.0">
    <ignored/>
  </testcase> <!-- @BeforeTest initBrowser -->
  <testcase classname="testclasses.ProductTest" name="validateTitleofPage" time="0.0">
    <ignored/>
  </testcase> <!-- validateTitleofPage -->
  <testcase classname="testclasses.ProductTest" name="verifyAddToCart" time="0.0">
    <ignored/>
  </testcase> <!-- verifyAddToCart -->
  <testcase classname="testclasses.ProductTest" name="verifyNavigation" time="0.0">
    <ignored/>
  </testcase> <!-- verifyNavigation -->
  <testcase classname="testclasses.BaseClass" name="@BeforeTest initBrowser" time="0.0">
    <ignored/>
  </testcase> <!-- @BeforeTest initBrowser -->
  <testcase classname="testclasses.BaseClass" name="@AfterTest tearDown" time="0.0">
    <ignored/>
  </testcase> <!-- @AfterTest tearDown -->
  <testcase classname="testclasses.CartTest" name="validateTitleofPage" time="0.0">
    <ignored/>
  </testcase> <!-- validateTitleofPage -->
  <testcase classname="testclasses.BaseClass" name="@AfterTest tearDown" time="0.0">
    <ignored/>
  </testcase> <!-- @AfterTest tearDown -->
  <testcase classname="testclasses.BaseClass" name="@AfterTest tearDown" time="0.0">
    <ignored/>
  </testcase> <!-- @AfterTest tearDown -->
  <testcase classname="testclasses.BaseClass" name="@AfterTest tearDown" time="0.0">
    <ignored/>
  </testcase> <!-- @AfterTest tearDown -->
  <testcase classname="testclasses.BaseClass" name="@BeforeTest initBrowser" time="0.0">
    <ignored/>
  </testcase> <!-- @BeforeTest initBrowser -->
  <testcase classname="testclasses.HomeTest" name="verifyAddToCartClick" time="0.0">
    <ignored/>
  </testcase> <!-- verifyAddToCartClick -->
  <testcase classname="testclasses.HomeTest" name="selectProduct" time="0.0">
    <ignored/>
  </testcase> <!-- selectProduct -->
  <testcase classname="testclasses.BaseClass" name="@BeforeTest initBrowser" time="0.0">
    <ignored/>
  </testcase> <!-- @BeforeTest initBrowser -->
  <testcase classname="testclasses.HomeTest" name="verifyTopmenuAndSidemenu" time="0.0">
    <ignored/>
  </testcase> <!-- verifyTopmenuAndSidemenu -->
  <testcase classname="testclasses.HomeTest" name="validateTitleofPage" time="0.0">
    <ignored/>
  </testcase> <!-- validateTitleofPage -->
  <testcase classname="testclasses.BaseClass" name="@AfterTest tearDown" time="0.0">
    <ignored/>
  </testcase> <!-- @AfterTest tearDown -->
  <testcase classname="testclasses.BaseClass" name="@AfterTest tearDown" time="0.0">
    <ignored/>
  </testcase> <!-- @AfterTest tearDown -->
  <testcase classname="testclasses.BaseClass" name="@BeforeTest initBrowser" time="0.0">
    <ignored/>
  </testcase> <!-- @BeforeTest initBrowser -->
</testsuite> <!-- FirefoxTest -->
