<?xml version="1.0" encoding="UTF-8"?>
<!-- Generated by org.testng.reporters.JUnitXMLReporter -->
<testsuite ignored="20" hostname="DSK-4074" failures="0" tests="13" name="FirefoxTest" time="24.302" errors="0" timestamp="2024-02-14T11:40:33 IST">
  <testcase classname="testclasses.LoginTest" name="validateTitleofPage" time="0.004"/>
  <testcase classname="testclasses.LoginTest" name="verifyLogin" time="1.161"/>
  <testcase classname="testclasses.HomeTest" name="clickingOnAPPARELandSHOES" time="0.665"/>
  <testcase classname="testclasses.ProductListTest" name="howeringOnBlueandGreenSneaker" time="2.13"/>
  <testcase classname="testclasses.ProductTest" name="ChooseGreenColor" time="0.24"/>
  <testcase classname="testclasses.ProductTest" name="verifyWishList" time="1.21"/>
  <testcase classname="testclasses.WishListTest" name="verifyProductAddedtoCartFromWL" time="1.007"/>
  <testcase classname="testclasses.CartTest" name="changeProductQty" time="0.605"/>
  <testcase classname="testclasses.CartTest" name="acceptTAndCCheckbox" time="0.237"/>
  <testcase classname="testclasses.CartTest" name="verifyCheckout" time="0.999"/>
  <testcase classname="testclasses.CheckoutTest" name="proceedToCheckout" time="2.243"/>
  <testcase classname="testclasses.CheckoutTest" name="VerifyPaymentSummery" time="0.665"/>
  <testcase classname="testclasses.CheckoutTest" name="verifyOrderConfirm" time="2.552"/>
  <testcase classname="testclasses.BaseClass" name="@AfterTest tearDown" time="0.0">
    <ignored/>
  </testcase> <!-- @AfterTest tearDown -->
  <testcase classname="testclasses.BaseClass" name="@AfterTest tearDown" time="0.0">
    <ignored/>
  </testcase> <!-- @AfterTest tearDown -->
  <testcase classname="testclasses.BaseClass" name="@BeforeTest initBrowser" time="0.0">
    <ignored/>
  </testcase> <!-- @BeforeTest initBrowser -->
  <testcase classname="testclasses.BaseClass" name="@BeforeTest initBrowser" time="0.0">
    <ignored/>
  </testcase> <!-- @BeforeTest initBrowser -->
  <testcase classname="testclasses.ProductTest" name="validateTitleofPage" time="0.0">
    <ignored/>
  </testcase> <!-- validateTitleofPage -->
  <testcase classname="testclasses.HomeTest" name="verifyAddToCartClick" time="0.0">
    <ignored/>
  </testcase> <!-- verifyAddToCartClick -->
  <testcase classname="testclasses.BaseClass" name="@BeforeTest initBrowser" time="0.0">
    <ignored/>
  </testcase> <!-- @BeforeTest initBrowser -->
  <testcase classname="testclasses.BaseClass" name="@BeforeTest initBrowser" time="0.0">
    <ignored/>
  </testcase> <!-- @BeforeTest initBrowser -->
  <testcase classname="testclasses.BaseClass" name="@BeforeTest initBrowser" time="0.0">
    <ignored/>
  </testcase> <!-- @BeforeTest initBrowser -->
  <testcase classname="testclasses.ProductTest" name="verifyNavigation" time="0.0">
    <ignored/>
  </testcase> <!-- verifyNavigation -->
  <testcase classname="testclasses.CartTest" name="validateTitleofPage" time="0.0">
    <ignored/>
  </testcase> <!-- validateTitleofPage -->
  <testcase classname="testclasses.ProductTest" name="verifyAddToCart" time="0.0">
    <ignored/>
  </testcase> <!-- verifyAddToCart -->
  <testcase classname="testclasses.BaseClass" name="@BeforeTest initBrowser" time="0.0">
    <ignored/>
  </testcase> <!-- @BeforeTest initBrowser -->
  <testcase classname="testclasses.BaseClass" name="@AfterTest tearDown" time="0.0">
    <ignored/>
  </testcase> <!-- @AfterTest tearDown -->
  <testcase classname="testclasses.HomeTest" name="selectProduct" time="0.0">
    <ignored/>
  </testcase> <!-- selectProduct -->
  <testcase classname="testclasses.HomeTest" name="validateTitleofPage" time="0.0">
    <ignored/>
  </testcase> <!-- validateTitleofPage -->
  <testcase classname="testclasses.BaseClass" name="@AfterTest tearDown" time="0.0">
    <ignored/>
  </testcase> <!-- @AfterTest tearDown -->
  <testcase classname="testclasses.BaseClass" name="@AfterTest tearDown" time="0.0">
    <ignored/>
  </testcase> <!-- @AfterTest tearDown -->
  <testcase classname="testclasses.HomeTest" name="verifyTopmenuAndSidemenu" time="0.0">
    <ignored/>
  </testcase> <!-- verifyTopmenuAndSidemenu -->
  <testcase classname="testclasses.BaseClass" name="@AfterTest tearDown" time="0.0">
    <ignored/>
  </testcase> <!-- @AfterTest tearDown -->
</testsuite> <!-- FirefoxTest -->
